[debug] [2024-11-22T00:22:53.781Z] ----------------------------------------------------------------------
[debug] [2024-11-22T00:22:53.793Z] Command:       C:\Program Files\nodejs\node.exe C:\Users\jimez\AppData\Roaming\npm\node_modules\firebase-tools\lib\bin\firebase.js init
[debug] [2024-11-22T00:22:53.794Z] CLI Version:   13.23.0
[debug] [2024-11-22T00:22:53.794Z] Platform:      win32
[debug] [2024-11-22T00:22:53.794Z] Node Version:  v20.18.0
[debug] [2024-11-22T00:22:53.795Z] Time:          Thu Nov 21 2024 16:22:53 GMT-0800 (Pacific Standard Time)
[debug] [2024-11-22T00:22:53.795Z] ----------------------------------------------------------------------
[debug] 
[debug] [2024-11-22T00:22:53.898Z] > command requires scopes: ["email","openid","https://www.googleapis.com/auth/cloudplatformprojects.readonly","https://www.googleapis.com/auth/firebase","https://www.googleapis.com/auth/cloud-platform"]
[debug] [2024-11-22T00:22:53.899Z] > authorizing via signed-in user (jimezliz7@gmail.com)
[info] 
     ######## #### ########  ######## ########     ###     ######  ########
     ##        ##  ##     ## ##       ##     ##  ##   ##  ##       ##
     ######    ##  ########  ######   ########  #########  ######  ######
     ##        ##  ##    ##  ##       ##     ## ##     ##       ## ##
     ##       #### ##     ## ######## ########  ##     ##  ######  ########

You're about to initialize a Firebase project in this directory:

  C:\Users\jimez\OneDrive\Documents\GitHub\Sites\LittleWebsite

Before we get started, keep in mind:

  * You are initializing within an existing Firebase project directory

[info] 
=== Project Setup
[info] 
[info] First, let's associate this project directory with a Firebase project.
[info] You can create multiple project aliases by running firebase use --add, 
[info] but for now we'll just set up a default project.
[info] 
[debug] [2024-11-22T00:23:33.626Z] Using project from CLI flag: littlewebsite-8f59f
[debug] [2024-11-22T00:23:33.629Z] Checked if tokens are valid: true, expires at: 1732238353860
[debug] [2024-11-22T00:23:33.629Z] Checked if tokens are valid: true, expires at: 1732238353860
[debug] [2024-11-22T00:23:33.631Z] >>> [apiv2][query] GET https://firebase.googleapis.com/v1beta1/projects/littlewebsite-8f59f [none]
[debug] [2024-11-22T00:23:34.241Z] <<< [apiv2][status] GET https://firebase.googleapis.com/v1beta1/projects/littlewebsite-8f59f 200
[debug] [2024-11-22T00:23:34.241Z] <<< [apiv2][body] GET https://firebase.googleapis.com/v1beta1/projects/littlewebsite-8f59f {"projectId":"littlewebsite-8f59f","projectNumber":"940664549686","displayName":"LittleWebsite","name":"projects/littlewebsite-8f59f","resources":{"hostingSite":"littlewebsite-8f59f"},"state":"ACTIVE","etag":"1_b712a854-8f57-4c8f-859d-40770f2c4765"}
[info] i  Using project littlewebsite-8f59f (LittleWebsite) 
[info] 
=== Hosting Setup
[debug] [2024-11-22T00:23:34.251Z] Checked if tokens are valid: true, expires at: 1732238353860
[debug] [2024-11-22T00:23:34.252Z] Checked if tokens are valid: true, expires at: 1732238353860
[debug] [2024-11-22T00:23:34.252Z] >>> [apiv2][query] GET https://firebase.googleapis.com/v1beta1/projects/littlewebsite-8f59f [none]
[debug] [2024-11-22T00:23:34.420Z] <<< [apiv2][status] GET https://firebase.googleapis.com/v1beta1/projects/littlewebsite-8f59f 200
[debug] [2024-11-22T00:23:34.420Z] <<< [apiv2][body] GET https://firebase.googleapis.com/v1beta1/projects/littlewebsite-8f59f {"projectId":"littlewebsite-8f59f","projectNumber":"940664549686","displayName":"LittleWebsite","name":"projects/littlewebsite-8f59f","resources":{"hostingSite":"littlewebsite-8f59f"},"state":"ACTIVE","etag":"1_b712a854-8f57-4c8f-859d-40770f2c4765"}
[info] 
[info] Your public directory is the folder (relative to your project directory) that
[info] will contain Hosting assets to be uploaded with firebase deploy. If you
[info] have a build process for your assets, use your build's output directory.
[info] 
